Base path: C:/Program Files/Unity/Editor/Data
Cmd: getPlatforms
Cmd: preprocess
  insize=8715 outsize=2134 ok=1
Cmd: preprocess
  insize=11308 outsize=700 ok=1
Cmd: preprocess
  insize=452 outsize=452 ok=1
Cmd: preprocess
  insize=1137 outsize=433 ok=1
Cmd: preprocess
  insize=9910 outsize=837 ok=1
Cmd: preprocess
  insize=1697 outsize=351 ok=1
Cmd: preprocess
  insize=898 outsize=350 ok=1
Cmd: preprocess
  insize=983 outsize=309 ok=1
Cmd: preprocess
  insize=1991 outsize=491 ok=1
Cmd: preprocess
  insize=1308 outsize=407 ok=1
Cmd: preprocess
  insize=3680 outsize=673 ok=1
Cmd: preprocess
  insize=1223 outsize=404 ok=1
Cmd: preprocess
  insize=6790 outsize=827 ok=1
Cmd: preprocess
  insize=1157 outsize=308 ok=1
Cmd: preprocess
  insize=9067 outsize=5020 ok=1
Cmd: preprocess
  insize=1189 outsize=1054 ok=1
Cmd: preprocess
  insize=2527 outsize=790 ok=1
Cmd: preprocess
  insize=940 outsize=295 ok=1
Cmd: preprocess
  insize=1379 outsize=387 ok=1
Cmd: preprocess
  insize=1431 outsize=348 ok=1
Cmd: preprocess
  insize=1230 outsize=267 ok=1
Cmd: preprocess
  insize=1406 outsize=348 ok=1
Cmd: preprocess
  insize=861 outsize=992 ok=1
Cmd: compileSnippet
  api=4 type=0 insize=6731 outsize=1965 kw=DIRECTIONAL SHADOWS_OFF LIGHTMAP_OFF DIRLIGHTMAP_OFF DYNAMICLIGHTMAP_OFF pd=UNITY_ENABLE_REFLECTION_BUFFERS UNITY_PBS_USE_BRDF1 UNITY_SPECCUBE_BOX_PROJECTION UNITY_SPECCUBE_BLENDING UNITY_TEXTURE_ALPHASPLIT_ALLOWED ok=1
Cmd: compileSnippet
  api=4 type=1 insize=6731 outsize=733 kw=DIRECTIONAL SHADOWS_OFF LIGHTMAP_OFF DIRLIGHTMAP_OFF DYNAMICLIGHTMAP_OFF pd=UNITY_ENABLE_REFLECTION_BUFFERS UNITY_PBS_USE_BRDF1 UNITY_SPECCUBE_BOX_PROJECTION UNITY_SPECCUBE_BLENDING UNITY_TEXTURE_ALPHASPLIT_ALLOWED ok=1
Cmd: compileSnippet
  api=4 type=0 insize=3783 outsize=1349 kw=POINT pd=UNITY_ENABLE_REFLECTION_BUFFERS UNITY_PBS_USE_BRDF1 UNITY_SPECCUBE_BOX_PROJECTION UNITY_SPECCUBE_BLENDING UNITY_TEXTURE_ALPHASPLIT_ALLOWED ok=1
Cmd: compileSnippet
  api=4 type=1 insize=3783 outsize=1045 kw=POINT pd=UNITY_ENABLE_REFLECTION_BUFFERS UNITY_PBS_USE_BRDF1 UNITY_SPECCUBE_BOX_PROJECTION UNITY_SPECCUBE_BLENDING UNITY_TEXTURE_ALPHASPLIT_ALLOWED ok=1
Cmd: compileSnippet
  api=4 type=0 insize=3241 outsize=1029 kw= pd=UNITY_ENABLE_REFLECTION_BUFFERS UNITY_PBS_USE_BRDF1 UNITY_SPECCUBE_BOX_PROJECTION UNITY_SPECCUBE_BLENDING UNITY_TEXTURE_ALPHASPLIT_ALLOWED ok=1
Cmd: compileSnippet
  api=4 type=1 insize=3241 outsize=617 kw= pd=UNITY_ENABLE_REFLECTION_BUFFERS UNITY_PBS_USE_BRDF1 UNITY_SPECCUBE_BOX_PROJECTION UNITY_SPECCUBE_BLENDING UNITY_TEXTURE_ALPHASPLIT_ALLOWED ok=1
Cmd: preprocess
  insize=542 outsize=1522 ok=1
Cmd: preprocess
  insize=1256 outsize=322 ok=1
Cmd: preprocess
  insize=2328 outsize=648 ok=1
Cmd: preprocess
  insize=954 outsize=269 ok=1
Cmd: preprocess
  insize=674 outsize=320 ok=1
Cmd: preprocess
  insize=6423 outsize=1035 ok=1
Cmd: preprocess
  insize=33400 outsize=269 ok=1
Cmd: preprocess
  insize=1219 outsize=261 ok=1
Cmd: preprocess
  insize=4488 outsize=535 ok=1
Cmd: preprocess
  insize=1050 outsize=267 ok=1
Cmd: preprocess
  insize=4990 outsize=1857 ok=1
Cmd: preprocess
  insize=1124 outsize=1649 ok=1
Cmd: preprocess
  insize=820 outsize=364 ok=1
Cmd: preprocess
  insize=13303 outsize=1949 ok=1
Cmd: preprocess
  insize=1021 outsize=353 ok=1
Cmd: preprocess
  insize=6260 outsize=773 ok=1
Cmd: preprocess
  insize=2838 outsize=802 ok=1
Cmd: preprocess
  insize=11152 outsize=2599 ok=1
Cmd: preprocess
  insize=12909 outsize=2439 ok=1
Cmd: preprocess
  insize=607 outsize=280 ok=1
Cmd: preprocess
  insize=2006 outsize=463 ok=1
Cmd: preprocess
  insize=1423 outsize=670 ok=1
Cmd: preprocess
  insize=1599 outsize=295 ok=1
Cmd: preprocess
  insize=24901 outsize=4335 ok=1
Cmd: preprocess
  insize=4094 outsize=562 ok=1
Cmd: preprocess
  insize=1760 outsize=300 ok=1
Cmd: preprocess
  insize=1026 outsize=355 ok=1
Cmd: preprocess
  insize=1156 outsize=431 ok=1
Cmd: preprocess
  insize=711 outsize=266 ok=1
Cmd: preprocess
  insize=769 outsize=410 ok=1
Cmd: preprocess
  insize=5806 outsize=894 ok=1
Cmd: preprocess
  insize=989 outsize=421 ok=1
Cmd: preprocess
  insize=5373 outsize=778 ok=1
Cmd: preprocess
  insize=555 outsize=363 ok=1
Cmd: preprocess
  insize=6723 outsize=952 ok=1
Cmd: preprocess
  insize=33409 outsize=270 ok=1
Cmd: preprocess
  insize=5347 outsize=1767 ok=1
Cmd: preprocess
  insize=6924 outsize=251 ok=1
Cmd: preprocess
  insize=4458 outsize=444 ok=1
Cmd: preprocess
  insize=4830 outsize=932 ok=1
Cmd: preprocess
  insize=1373 outsize=404 ok=1
Cmd: preprocess
  insize=936 outsize=413 ok=1
Cmd: preprocess
  insize=5974 outsize=1284 ok=1
Cmd: preprocess
  insize=770 outsize=305 ok=1
Cmd: preprocess
  insize=692 outsize=317 ok=1
Cmd: preprocess
  insize=3850 outsize=664 ok=1
Cmd: preprocess
  insize=9164 outsize=5076 ok=1
Cmd: preprocess
  insize=851 outsize=294 ok=1
Cmd: preprocess
  insize=1331 outsize=291 ok=1
Cmd: preprocess
  insize=2135 outsize=1002 ok=1
Cmd: preprocess
  insize=5316 outsize=740 ok=1
Cmd: preprocess
  insize=1072 outsize=494 ok=1
Cmd: preprocess
  insize=1210 outsize=386 ok=1
Cmd: preprocess
  insize=553 outsize=259 ok=1
Cmd: preprocess
  insize=698 outsize=312 ok=1
Cmd: preprocess
  insize=1679 outsize=477 ok=1
Cmd: preprocess
  insize=5240 outsize=920 ok=1
Cmd: compileSnippet
  api=4 type=0 insize=3783 outsize=1349 kw=DIRECTIONAL pd=UNITY_ENABLE_REFLECTION_BUFFERS UNITY_PBS_USE_BRDF1 UNITY_SPECCUBE_BOX_PROJECTION UNITY_SPECCUBE_BLENDING UNITY_TEXTURE_ALPHASPLIT_ALLOWED ok=1
Cmd: compileSnippet
  api=4 type=1 insize=3783 outsize=661 kw=DIRECTIONAL pd=UNITY_ENABLE_REFLECTION_BUFFERS UNITY_PBS_USE_BRDF1 UNITY_SPECCUBE_BOX_PROJECTION UNITY_SPECCUBE_BLENDING UNITY_TEXTURE_ALPHASPLIT_ALLOWED ok=1
Cmd: compileSnippet
  api=4 type=0 insize=1271 outsize=721 kw= pd=UNITY_ENABLE_REFLECTION_BUFFERS UNITY_PBS_USE_BRDF1 UNITY_SPECCUBE_BOX_PROJECTION UNITY_SPECCUBE_BLENDING UNITY_TEXTURE_ALPHASPLIT_ALLOWED ok=1
Cmd: compileSnippet
  api=4 type=1 insize=1271 outsize=529 kw= pd=UNITY_ENABLE_REFLECTION_BUFFERS UNITY_PBS_USE_BRDF1 UNITY_SPECCUBE_BOX_PROJECTION UNITY_SPECCUBE_BLENDING UNITY_TEXTURE_ALPHASPLIT_ALLOWED ok=1
Cmd: compileSnippet
  api=4 type=0 insize=7020 outsize=1897 kw=DIRECTIONAL SHADOWS_OFF LIGHTMAP_OFF DIRLIGHTMAP_OFF DYNAMICLIGHTMAP_OFF pd=UNITY_ENABLE_REFLECTION_BUFFERS UNITY_PBS_USE_BRDF1 UNITY_SPECCUBE_BOX_PROJECTION UNITY_SPECCUBE_BLENDING UNITY_TEXTURE_ALPHASPLIT_ALLOWED ok=1
Cmd: compileSnippet
  api=4 type=1 insize=7020 outsize=681 kw=DIRECTIONAL SHADOWS_OFF LIGHTMAP_OFF DIRLIGHTMAP_OFF DYNAMICLIGHTMAP_OFF pd=UNITY_ENABLE_REFLECTION_BUFFERS UNITY_PBS_USE_BRDF1 UNITY_SPECCUBE_BOX_PROJECTION UNITY_SPECCUBE_BLENDING UNITY_TEXTURE_ALPHASPLIT_ALLOWED ok=1
Cmd: compileSnippet
  api=4 type=0 insize=4072 outsize=1349 kw=DIRECTIONAL pd=UNITY_ENABLE_REFLECTION_BUFFERS UNITY_PBS_USE_BRDF1 UNITY_SPECCUBE_BOX_PROJECTION UNITY_SPECCUBE_BLENDING UNITY_TEXTURE_ALPHASPLIT_ALLOWED ok=1
Cmd: compileSnippet
  api=4 type=1 insize=4072 outsize=633 kw=DIRECTIONAL pd=UNITY_ENABLE_REFLECTION_BUFFERS UNITY_PBS_USE_BRDF1 UNITY_SPECCUBE_BOX_PROJECTION UNITY_SPECCUBE_BLENDING UNITY_TEXTURE_ALPHASPLIT_ALLOWED ok=1
Cmd: compileSnippet
  api=4 type=0 insize=1059 outsize=865 kw= pd=UNITY_ENABLE_REFLECTION_BUFFERS UNITY_PBS_USE_BRDF1 UNITY_SPECCUBE_BOX_PROJECTION UNITY_SPECCUBE_BLENDING UNITY_TEXTURE_ALPHASPLIT_ALLOWED ok=1
Cmd: compileSnippet
  api=4 type=1 insize=1059 outsize=249 kw= pd=UNITY_ENABLE_REFLECTION_BUFFERS UNITY_PBS_USE_BRDF1 UNITY_SPECCUBE_BOX_PROJECTION UNITY_SPECCUBE_BLENDING UNITY_TEXTURE_ALPHASPLIT_ALLOWED ok=1
Cmd: compileSnippet
  api=4 type=0 insize=6731 outsize=2157 kw=DIRECTIONAL SHADOWS_SCREEN LIGHTMAP_OFF DIRLIGHTMAP_OFF DYNAMICLIGHTMAP_OFF pd=UNITY_ENABLE_REFLECTION_BUFFERS UNITY_PBS_USE_BRDF1 UNITY_SPECCUBE_BOX_PROJECTION UNITY_SPECCUBE_BLENDING UNITY_TEXTURE_ALPHASPLIT_ALLOWED ok=1
Cmd: compileSnippet
  api=4 type=1 insize=6731 outsize=889 kw=DIRECTIONAL SHADOWS_SCREEN LIGHTMAP_OFF DIRLIGHTMAP_OFF DYNAMICLIGHTMAP_OFF pd=UNITY_ENABLE_REFLECTION_BUFFERS UNITY_PBS_USE_BRDF1 UNITY_SPECCUBE_BOX_PROJECTION UNITY_SPECCUBE_BLENDING UNITY_TEXTURE_ALPHASPLIT_ALLOWED ok=1
Cmd: compileSnippet
  api=4 type=0 insize=541 outsize=693 kw=SHADOWS_CUBE pd=UNITY_ENABLE_REFLECTION_BUFFERS UNITY_PBS_USE_BRDF1 UNITY_SPECCUBE_BOX_PROJECTION UNITY_SPECCUBE_BLENDING UNITY_TEXTURE_ALPHASPLIT_ALLOWED ok=1
Cmd: compileSnippet
  api=4 type=1 insize=541 outsize=385 kw=SHADOWS_CUBE pd=UNITY_ENABLE_REFLECTION_BUFFERS UNITY_PBS_USE_BRDF1 UNITY_SPECCUBE_BOX_PROJECTION UNITY_SPECCUBE_BLENDING UNITY_TEXTURE_ALPHASPLIT_ALLOWED ok=1
Cmd: compileSnippet
  api=4 type=0 insize=1934 outsize=957 kw=POINT SHADOWS_CUBE UNITY_HDR_ON pd=UNITY_ENABLE_REFLECTION_BUFFERS UNITY_PBS_USE_BRDF1 UNITY_SPECCUBE_BOX_PROJECTION UNITY_SPECCUBE_BLENDING UNITY_TEXTURE_ALPHASPLIT_ALLOWED ok=1
Cmd: compileSnippet
  api=4 type=1 insize=1934 outsize=3513 kw=POINT SHADOWS_CUBE UNITY_HDR_ON pd=UNITY_ENABLE_REFLECTION_BUFFERS UNITY_PBS_USE_BRDF1 UNITY_SPECCUBE_BOX_PROJECTION UNITY_SPECCUBE_BLENDING UNITY_TEXTURE_ALPHASPLIT_ALLOWED ok=1
Cmd: compileSnippet
  api=4 type=0 insize=1152 outsize=1953 kw=LIGHTMAP_OFF DIRLIGHTMAP_OFF DYNAMICLIGHTMAP_OFF _EMISSION UNITY_HDR_ON pd=UNITY_ENABLE_REFLECTION_BUFFERS UNITY_PBS_USE_BRDF1 UNITY_SPECCUBE_BOX_PROJECTION UNITY_SPECCUBE_BLENDING UNITY_TEXTURE_ALPHASPLIT_ALLOWED ok=1
Cmd: compileSnippet
  api=4 type=1 insize=1152 outsize=1749 kw=LIGHTMAP_OFF DIRLIGHTMAP_OFF DYNAMICLIGHTMAP_OFF _EMISSION UNITY_HDR_ON pd=UNITY_ENABLE_REFLECTION_BUFFERS UNITY_PBS_USE_BRDF1 UNITY_SPECCUBE_BOX_PROJECTION UNITY_SPECCUBE_BLENDING UNITY_TEXTURE_ALPHASPLIT_ALLOWED ok=1
Cmd: compileSnippet
  api=4 type=0 insize=6731 outsize=3005 kw=DIRECTIONAL SHADOWS_SCREEN LIGHTMAP_OFF DIRLIGHTMAP_OFF DYNAMICLIGHTMAP_OFF VERTEXLIGHT_ON pd=UNITY_ENABLE_REFLECTION_BUFFERS UNITY_PBS_USE_BRDF1 UNITY_SPECCUBE_BOX_PROJECTION UNITY_SPECCUBE_BLENDING UNITY_TEXTURE_ALPHASPLIT_ALLOWED ok=1
Cmd: compileSnippet
  api=4 type=0 insize=990 outsize=529 kw= pd=UNITY_ENABLE_REFLECTION_BUFFERS UNITY_PBS_USE_BRDF1 UNITY_SPECCUBE_BOX_PROJECTION UNITY_SPECCUBE_BLENDING UNITY_TEXTURE_ALPHASPLIT_ALLOWED ok=1
Cmd: compileSnippet
  api=4 type=1 insize=990 outsize=345 kw= pd=UNITY_ENABLE_REFLECTION_BUFFERS UNITY_PBS_USE_BRDF1 UNITY_SPECCUBE_BOX_PROJECTION UNITY_SPECCUBE_BLENDING UNITY_TEXTURE_ALPHASPLIT_ALLOWED ok=1
Cmd: compileSnippet
  api=4 type=0 insize=1934 outsize=957 kw=POINT SHADOWS_CUBE pd=UNITY_ENABLE_REFLECTION_BUFFERS UNITY_PBS_USE_BRDF1 UNITY_SPECCUBE_BOX_PROJECTION UNITY_SPECCUBE_BLENDING UNITY_TEXTURE_ALPHASPLIT_ALLOWED ok=1
Cmd: compileSnippet
  api=4 type=1 insize=1934 outsize=3537 kw=POINT SHADOWS_CUBE pd=UNITY_ENABLE_REFLECTION_BUFFERS UNITY_PBS_USE_BRDF1 UNITY_SPECCUBE_BOX_PROJECTION UNITY_SPECCUBE_BLENDING UNITY_TEXTURE_ALPHASPLIT_ALLOWED ok=1
